<?xml version="1.0" encoding="UTF-8"?>
<testng-results ignored="0" total="2" passed="2" failed="0" skipped="0">
  <reporter-output>
  </reporter-output>
  <suite started-at="2026-04-14T20:07:12 IST" name="Default suite" finished-at="2026-04-14T20:07:12 IST" duration-ms="256">
    <groups>
    </groups>
    <test started-at="2026-04-14T20:07:12 IST" name="Default test" finished-at="2026-04-14T20:07:12 IST" duration-ms="256">
      <class name="cgi.FetchValueFromDataProvider">
        <test-method signature="testone(java.lang.String,java.lang.String)[pri:0, instance:cgi.FetchValueFromDataProvider@41fbdac4]" started-at="2026-04-14T20:07:12 IST" name="testone" data-provider="testdata" finished-at="2026-04-14T20:07:12 IST" duration-ms="49" status="PASS">
          <params>
            <param index="0">
              <value>
                <![CDATA[user1]]>
              </value>
            </param>
            <param index="1">
              <value>
                <![CDATA[password1]]>
              </value>
            </param>
          </params>
          <reporter-output>
          </reporter-output>
        </test-method> <!-- testone -->
        <test-method signature="testone(java.lang.String,java.lang.String)[pri:0, instance:cgi.FetchValueFromDataProvider@41fbdac4]" started-at="2026-04-14T20:07:12 IST" name="testone" data-provider="testdata" finished-at="2026-04-14T20:07:12 IST" duration-ms="15" status="PASS">
          <params>
            <param index="0">
              <value>
                <![CDATA[user2]]>
              </value>
            </param>
            <param index="1">
              <value>
                <![CDATA[password2]]>
              </value>
            </param>
          </params>
          <reporter-output>
          </reporter-output>
        </test-method> <!-- testone -->
      </class> <!-- cgi.FetchValueFromDataProvider -->
    </test> <!-- Default test -->
  </suite> <!-- Default suite -->
</testng-results>
