<?xml version="1.0" encoding="UTF-8"?>
<!-- Generated by org.testng.reporters.JUnitReportReporter -->
<testsuite hostname="Rithesh" failures="0" tests="2" name="cgi.FetchValueFromDataProvider" time="0.064" errors="0" timestamp="2026-04-14T20:07:13 IST" skipped="0">
  <testcase classname="cgi.FetchValueFromDataProvider" name="testone" time="0.049"/>
  <system-out/>
  <testcase classname="cgi.FetchValueFromDataProvider" name="testone" time="0.015"/>
  <system-out/>
</testsuite> <!-- cgi.FetchValueFromDataProvider -->
